<?xml version="1.0" encoding="UTF-8"?>
<!-- Generated by org.testng.reporters.JUnitReportReporter -->
<testsuite hostname="Zugera-PC" name="testclasses.AdminPageRepresentativeRegistrationTest" tests="4" failures="0" timestamp="16 Mar 2017 11:31:38 GMT" time="41.450" errors="0">
  <testcase name="representativeRegistrationTest" time="15.485" classname="testclasses.AdminPageRepresentativeRegistrationTest"/>
  <testcase name="representativeRegistrationTest" time="8.936" classname="testclasses.AdminPageRepresentativeRegistrationTest"/>
  <testcase name="representativeRegistrationTest" time="8.702" classname="testclasses.AdminPageRepresentativeRegistrationTest"/>
  <testcase name="representativeRegistrationTest" time="8.327" classname="testclasses.AdminPageRepresentativeRegistrationTest"/>
</testsuite> <!-- testclasses.AdminPageRepresentativeRegistrationTest -->
