<?xml version="1.0" encoding="UTF-8"?>
<!-- Generated by org.testng.reporters.JUnitReportReporter -->
<testsuite hostname="Zugera-PC" name="testclasses.AdminPageCountyRegistrationTest" tests="4" failures="0" timestamp="10 Mar 2017 07:51:33 GMT" time="24.457" errors="0">
  <testcase name="countyAddWhichAlreadyExistsTest" time="5.923" classname="testclasses.AdminPageCountyRegistrationTest"/>
  <testcase name="countyAddWhichAlreadyExistsTest" time="4.756" classname="testclasses.AdminPageCountyRegistrationTest"/>
  <testcase name="countyRegistrationTest" time="6.394" classname="testclasses.AdminPageCountyRegistrationTest"/>
  <testcase name="countyRegistrationTest" time="7.384" classname="testclasses.AdminPageCountyRegistrationTest"/>
</testsuite> <!-- testclasses.AdminPageCountyRegistrationTest -->
