<?xml version="1.0" encoding="UTF-8"?>
<!-- Generated by org.testng.reporters.JUnitReportReporter -->
<testsuite hostname="Zugera-PC" name="testclasses.AdminPagePartyRegistrationTest" tests="2" failures="0" timestamp="13 Mar 2017 15:03:30 GMT" time="30.854" errors="0">
  <testcase name="partyRegistrationTest" time="16.046" classname="testclasses.AdminPagePartyRegistrationTest"/>
  <testcase name="partyRegistrationTest" time="14.808" classname="testclasses.AdminPagePartyRegistrationTest"/>
</testsuite> <!-- testclasses.AdminPagePartyRegistrationTest -->
