<?xml version="1.0" encoding="UTF-8"?>
<!-- Generated by org.testng.reporters.JUnitReportReporter -->
<testsuite hostname="Zugera-PC" name="testclasses.AdminPageCommonTest" tests="2" failures="0" timestamp="25 Feb 2017 17:00:18 GMT" time="8.238" errors="0">
  <testcase name="loginWithInvalidDataTest" time="1.416" classname="testclasses.AdminPageCommonTest"/>
  <testcase name="loginAdminWithCorrectDataTest" time="6.822" classname="testclasses.AdminPageCommonTest"/>
</testsuite> <!-- testclasses.AdminPageCommonTest -->
