<?xml version="1.0" encoding="UTF-8"?>
<!-- Generated by org.testng.reporters.JUnitReportReporter -->
<testsuite hostname="Zugera-PC" name="testclasses.SearchForCandidatesTest" tests="1" failures="0" timestamp="16 Mar 2017 11:31:38 GMT" time="4.169" errors="0">
  <testcase name="searchForCandidateTest" time="4.169" classname="testclasses.SearchForCandidatesTest"/>
</testsuite> <!-- testclasses.SearchForCandidatesTest -->
