<?xml version="1.0" encoding="UTF-8"?>
<!-- Generated by org.testng.reporters.JUnitReportReporter -->
<testsuite hostname="Zugera-PC" name="testclasses.Testing" tests="1" failures="0" timestamp="4 Mar 2017 17:02:07 GMT" time="0.314" errors="0">
  <testcase name="test" time="0.314" classname="testclasses.Testing"/>
</testsuite> <!-- testclasses.Testing -->
