<?xml version="1.0" encoding="UTF-8"?>
<!-- Generated by org.testng.reporters.JUnitReportReporter -->
<testsuite hostname="Zugera-PC" name="testclasses.AdminPageNewCountyRegistrationTest" tests="2" failures="0" timestamp="3 Mar 2017 10:42:24 GMT" time="11.591" errors="0">
  <testcase name="countyRegistrationTest" time="6.010" classname="testclasses.AdminPageNewCountyRegistrationTest"/>
  <testcase name="countyAddWhichAlreadyExistsTest" time="5.581" classname="testclasses.AdminPageNewCountyRegistrationTest"/>
</testsuite> <!-- testclasses.AdminPageNewCountyRegistrationTest -->
